28-Mar-2025 10:22:29.864 INFO [main] org.apache.catalina.startup.VersionLoggerListener.log Server version name:   Apache Tomcat/9.0.70 (Debian)
28-Mar-2025 10:22:30.767 INFO [main] org.apache.catalina.startup.VersionLoggerListener.log Server built:          May 27 2023 15:51:32 UTC
28-Mar-2025 10:22:30.929 INFO [main] org.apache.catalina.startup.VersionLoggerListener.log Server version number: 9.0.70.0
28-Mar-2025 10:22:30.981 INFO [main] org.apache.catalina.startup.VersionLoggerListener.log OS Name:               Linux
28-Mar-2025 10:22:30.983 INFO [main] org.apache.catalina.startup.VersionLoggerListener.log OS Version:            6.8.4-2-pve
28-Mar-2025 10:22:31.020 INFO [main] org.apache.catalina.startup.VersionLoggerListener.log Architecture:          amd64
28-Mar-2025 10:22:31.039 INFO [main] org.apache.catalina.startup.VersionLoggerListener.log Java Home:             /usr/lib/jvm/java-17-openjdk-amd64
28-Mar-2025 10:22:31.046 INFO [main] org.apache.catalina.startup.VersionLoggerListener.log JVM Version:           17.0.14+7-Debian-1deb12u1
28-Mar-2025 10:22:31.052 INFO [main] org.apache.catalina.startup.VersionLoggerListener.log JVM Vendor:            Debian
28-Mar-2025 10:22:31.103 INFO [main] org.apache.catalina.startup.VersionLoggerListener.log CATALINA_BASE:         /var/lib/tomcat9
28-Mar-2025 10:22:31.104 INFO [main] org.apache.catalina.startup.VersionLoggerListener.log CATALINA_HOME:         /usr/share/tomcat9
28-Mar-2025 10:22:35.443 INFO [main] org.apache.catalina.startup.VersionLoggerListener.log Command line argument: --add-opens=java.base/java.lang=ALL-UNNAMED
28-Mar-2025 10:22:35.443 INFO [main] org.apache.catalina.startup.VersionLoggerListener.log Command line argument: --add-opens=java.base/java.io=ALL-UNNAMED
28-Mar-2025 10:22:35.443 INFO [main] org.apache.catalina.startup.VersionLoggerListener.log Command line argument: --add-opens=java.base/java.util=ALL-UNNAMED
28-Mar-2025 10:22:35.443 INFO [main] org.apache.catalina.startup.VersionLoggerListener.log Command line argument: --add-opens=java.base/java.util.concurrent=ALL-UNNAMED
28-Mar-2025 10:22:35.444 INFO [main] org.apache.catalina.startup.VersionLoggerListener.log Command line argument: --add-opens=java.rmi/sun.rmi.transport=ALL-UNNAMED
28-Mar-2025 10:22:35.444 INFO [main] org.apache.catalina.startup.VersionLoggerListener.log Command line argument: -Djava.util.logging.config.file=/var/lib/tomcat9/conf/logging.properties
28-Mar-2025 10:22:35.444 INFO [main] org.apache.catalina.startup.VersionLoggerListener.log Command line argument: -Djava.util.logging.manager=org.apache.juli.ClassLoaderLogManager
28-Mar-2025 10:22:35.444 INFO [main] org.apache.catalina.startup.VersionLoggerListener.log Command line argument: -Djava.awt.headless=true
28-Mar-2025 10:22:35.444 INFO [main] org.apache.catalina.startup.VersionLoggerListener.log Command line argument: -Djdk.tls.ephemeralDHKeySize=2048
28-Mar-2025 10:22:35.444 INFO [main] org.apache.catalina.startup.VersionLoggerListener.log Command line argument: -Djava.protocol.handler.pkgs=org.apache.catalina.webresources
28-Mar-2025 10:22:35.444 INFO [main] org.apache.catalina.startup.VersionLoggerListener.log Command line argument: -Dorg.apache.catalina.security.SecurityListener.UMASK=0027
28-Mar-2025 10:22:35.444 INFO [main] org.apache.catalina.startup.VersionLoggerListener.log Command line argument: -Dignore.endorsed.dirs=
28-Mar-2025 10:22:35.444 INFO [main] org.apache.catalina.startup.VersionLoggerListener.log Command line argument: -Dcatalina.base=/var/lib/tomcat9
28-Mar-2025 10:22:35.444 INFO [main] org.apache.catalina.startup.VersionLoggerListener.log Command line argument: -Dcatalina.home=/usr/share/tomcat9
28-Mar-2025 10:22:35.444 INFO [main] org.apache.catalina.startup.VersionLoggerListener.log Command line argument: -Djava.io.tmpdir=/tmp
28-Mar-2025 10:22:35.811 INFO [main] org.apache.catalina.core.AprLifecycleListener.lifecycleEvent Loaded Apache Tomcat Native library [1.2.35] using APR version [1.7.2].
28-Mar-2025 10:22:35.832 INFO [main] org.apache.catalina.core.AprLifecycleListener.lifecycleEvent APR capabilities: IPv6 [true], sendfile [true], accept filters [false], random [true], UDS [true].
28-Mar-2025 10:22:35.832 INFO [main] org.apache.catalina.core.AprLifecycleListener.lifecycleEvent APR/OpenSSL configuration: useAprConnector [false], useOpenSSL [true]
28-Mar-2025 10:22:36.059 INFO [main] org.apache.catalina.core.AprLifecycleListener.initializeSSL OpenSSL successfully initialized [OpenSSL 3.0.15 3 Sep 2024]
28-Mar-2025 10:22:44.576 INFO [main] org.apache.coyote.AbstractProtocol.init Initializing ProtocolHandler ["http-nio-8080"]
28-Mar-2025 10:22:45.146 INFO [main] org.apache.catalina.startup.Catalina.load Server initialization in [57940] milliseconds
28-Mar-2025 10:22:46.133 INFO [main] org.apache.catalina.core.StandardService.startInternal Starting service [Catalina]
28-Mar-2025 10:22:46.147 INFO [main] org.apache.catalina.core.StandardEngine.startInternal Starting Servlet engine: [Apache Tomcat/9.0.70 (Debian)]
28-Mar-2025 10:22:46.943 INFO [main] org.apache.catalina.startup.HostConfig.deployDescriptor Deploying deployment descriptor [/etc/tomcat9/Catalina/localhost/host-manager.xml]
28-Mar-2025 10:22:47.186 WARNING [main] org.apache.catalina.startup.HostConfig.deployDescriptor The path attribute with value [/host-manager] in deployment descriptor [/etc/tomcat9/Catalina/localhost/host-manager.xml] has been ignored
28-Mar-2025 10:22:58.646 INFO [main] org.apache.jasper.servlet.TldScanner.scanJars At least one JAR was scanned for TLDs yet contained no TLDs. Enable debug logging for this logger for a complete list of JARs that were scanned but no TLDs were found in them. Skipping unneeded JARs during scanning can improve startup time and JSP compilation time.
28-Mar-2025 10:22:58.991 WARNING [main] org.apache.catalina.util.SessionIdGeneratorBase.createSecureRandom Creation of SecureRandom instance for session ID generation using [SHA1PRNG] took [285] milliseconds.
28-Mar-2025 10:22:59.027 INFO [main] org.apache.catalina.startup.HostConfig.deployDescriptor Deployment of deployment descriptor [/etc/tomcat9/Catalina/localhost/host-manager.xml] has finished in [12,099] ms
28-Mar-2025 10:22:59.028 INFO [main] org.apache.catalina.startup.HostConfig.deployDescriptor Deploying deployment descriptor [/etc/tomcat9/Catalina/localhost/manager.xml]
28-Mar-2025 10:22:59.030 WARNING [main] org.apache.catalina.startup.HostConfig.deployDescriptor The path attribute with value [/manager] in deployment descriptor [/etc/tomcat9/Catalina/localhost/manager.xml] has been ignored
28-Mar-2025 10:23:00.279 INFO [main] org.apache.jasper.servlet.TldScanner.scanJars At least one JAR was scanned for TLDs yet contained no TLDs. Enable debug logging for this logger for a complete list of JARs that were scanned but no TLDs were found in them. Skipping unneeded JARs during scanning can improve startup time and JSP compilation time.
28-Mar-2025 10:23:00.280 INFO [main] org.apache.catalina.startup.HostConfig.deployDescriptor Deployment of deployment descriptor [/etc/tomcat9/Catalina/localhost/manager.xml] has finished in [1,252] ms
28-Mar-2025 10:23:00.282 INFO [main] org.apache.catalina.startup.HostConfig.deployDirectory Deploying web application directory [/var/lib/tomcat9/webapps/ROOT]
28-Mar-2025 10:23:01.065 INFO [main] org.apache.jasper.servlet.TldScanner.scanJars At least one JAR was scanned for TLDs yet contained no TLDs. Enable debug logging for this logger for a complete list of JARs that were scanned but no TLDs were found in them. Skipping unneeded JARs during scanning can improve startup time and JSP compilation time.
28-Mar-2025 10:23:01.135 INFO [main] org.apache.catalina.startup.HostConfig.deployDirectory Deployment of web application directory [/var/lib/tomcat9/webapps/ROOT] has finished in [855] ms
28-Mar-2025 10:23:01.199 INFO [main] org.apache.coyote.AbstractProtocol.start Starting ProtocolHandler ["http-nio-8080"]
28-Mar-2025 10:23:01.250 INFO [main] org.apache.catalina.startup.Catalina.start Server startup in [16103] milliseconds
28-Mar-2025 10:28:31.322 INFO [Catalina-utility-2] org.apache.catalina.startup.HostConfig.deployWAR Deploying web application archive [/var/lib/tomcat9/webapps/guacamole.war]
28-Mar-2025 10:28:42.318 INFO [Catalina-utility-2] org.apache.jasper.servlet.TldScanner.scanJars At least one JAR was scanned for TLDs yet contained no TLDs. Enable debug logging for this logger for a complete list of JARs that were scanned but no TLDs were found in them. Skipping unneeded JARs during scanning can improve startup time and JSP compilation time.
28-Mar-2025 10:28:53.823 INFO [Catalina-utility-2] org.apache.catalina.startup.HostConfig.deployWAR Deployment of web application archive [/var/lib/tomcat9/webapps/guacamole.war] has finished in [22,500] ms
28-Mar-2025 10:29:02.194 INFO [Thread-1] org.apache.coyote.AbstractProtocol.pause Pausing ProtocolHandler ["http-nio-8080"]
28-Mar-2025 10:29:02.234 INFO [Thread-1] org.apache.catalina.core.StandardService.stopInternal Stopping service [Catalina]
28-Mar-2025 10:29:02.617 INFO [Thread-1] org.apache.coyote.AbstractProtocol.stop Stopping ProtocolHandler ["http-nio-8080"]
28-Mar-2025 10:29:02.726 INFO [Thread-1] org.apache.coyote.AbstractProtocol.destroy Destroying ProtocolHandler ["http-nio-8080"]
28-Mar-2025 10:29:14.816 INFO [main] org.apache.catalina.startup.VersionLoggerListener.log Server version name:   Apache Tomcat/9.0.70 (Debian)
28-Mar-2025 10:29:14.816 INFO [main] org.apache.catalina.startup.VersionLoggerListener.log Server built:          May 27 2023 15:51:32 UTC
28-Mar-2025 10:29:14.816 INFO [main] org.apache.catalina.startup.VersionLoggerListener.log Server version number: 9.0.70.0
28-Mar-2025 10:29:14.816 INFO [main] org.apache.catalina.startup.VersionLoggerListener.log OS Name:               Linux
28-Mar-2025 10:29:14.816 INFO [main] org.apache.catalina.startup.VersionLoggerListener.log OS Version:            6.8.4-2-pve
28-Mar-2025 10:29:14.816 INFO [main] org.apache.catalina.startup.VersionLoggerListener.log Architecture:          amd64
28-Mar-2025 10:29:14.821 INFO [main] org.apache.catalina.startup.VersionLoggerListener.log Java Home:             /usr/lib/jvm/java-17-openjdk-amd64
28-Mar-2025 10:29:14.821 INFO [main] org.apache.catalina.startup.VersionLoggerListener.log JVM Version:           17.0.14+7-Debian-1deb12u1
28-Mar-2025 10:29:14.821 INFO [main] org.apache.catalina.startup.VersionLoggerListener.log JVM Vendor:            Debian
28-Mar-2025 10:29:14.821 INFO [main] org.apache.catalina.startup.VersionLoggerListener.log CATALINA_BASE:         /var/lib/tomcat9
28-Mar-2025 10:29:14.821 INFO [main] org.apache.catalina.startup.VersionLoggerListener.log CATALINA_HOME:         /usr/share/tomcat9
28-Mar-2025 10:29:15.100 INFO [main] org.apache.catalina.startup.VersionLoggerListener.log Command line argument: --add-opens=java.base/java.lang=ALL-UNNAMED
28-Mar-2025 10:29:15.102 INFO [main] org.apache.catalina.startup.VersionLoggerListener.log Command line argument: --add-opens=java.base/java.io=ALL-UNNAMED
28-Mar-2025 10:29:15.102 INFO [main] org.apache.catalina.startup.VersionLoggerListener.log Command line argument: --add-opens=java.base/java.util=ALL-UNNAMED
28-Mar-2025 10:29:15.102 INFO [main] org.apache.catalina.startup.VersionLoggerListener.log Command line argument: --add-opens=java.base/java.util.concurrent=ALL-UNNAMED
28-Mar-2025 10:29:15.102 INFO [main] org.apache.catalina.startup.VersionLoggerListener.log Command line argument: --add-opens=java.rmi/sun.rmi.transport=ALL-UNNAMED
28-Mar-2025 10:29:15.102 INFO [main] org.apache.catalina.startup.VersionLoggerListener.log Command line argument: -Djava.util.logging.config.file=/var/lib/tomcat9/conf/logging.properties
28-Mar-2025 10:29:15.102 INFO [main] org.apache.catalina.startup.VersionLoggerListener.log Command line argument: -Djava.util.logging.manager=org.apache.juli.ClassLoaderLogManager
28-Mar-2025 10:29:15.102 INFO [main] org.apache.catalina.startup.VersionLoggerListener.log Command line argument: -Djava.awt.headless=true
28-Mar-2025 10:29:15.102 INFO [main] org.apache.catalina.startup.VersionLoggerListener.log Command line argument: -Djdk.tls.ephemeralDHKeySize=2048
28-Mar-2025 10:29:15.102 INFO [main] org.apache.catalina.startup.VersionLoggerListener.log Command line argument: -Djava.protocol.handler.pkgs=org.apache.catalina.webresources
28-Mar-2025 10:29:15.102 INFO [main] org.apache.catalina.startup.VersionLoggerListener.log Command line argument: -Dorg.apache.catalina.security.SecurityListener.UMASK=0027
28-Mar-2025 10:29:15.102 INFO [main] org.apache.catalina.startup.VersionLoggerListener.log Command line argument: -Dignore.endorsed.dirs=
28-Mar-2025 10:29:15.102 INFO [main] org.apache.catalina.startup.VersionLoggerListener.log Command line argument: -Dcatalina.base=/var/lib/tomcat9
28-Mar-2025 10:29:15.102 INFO [main] org.apache.catalina.startup.VersionLoggerListener.log Command line argument: -Dcatalina.home=/usr/share/tomcat9
28-Mar-2025 10:29:15.102 INFO [main] org.apache.catalina.startup.VersionLoggerListener.log Command line argument: -Djava.io.tmpdir=/tmp
28-Mar-2025 10:29:15.522 INFO [main] org.apache.catalina.core.AprLifecycleListener.lifecycleEvent Loaded Apache Tomcat Native library [1.2.35] using APR version [1.7.2].
28-Mar-2025 10:29:15.522 INFO [main] org.apache.catalina.core.AprLifecycleListener.lifecycleEvent APR capabilities: IPv6 [true], sendfile [true], accept filters [false], random [true], UDS [true].
28-Mar-2025 10:29:15.522 INFO [main] org.apache.catalina.core.AprLifecycleListener.lifecycleEvent APR/OpenSSL configuration: useAprConnector [false], useOpenSSL [true]
28-Mar-2025 10:29:15.723 INFO [main] org.apache.catalina.core.AprLifecycleListener.initializeSSL OpenSSL successfully initialized [OpenSSL 3.0.15 3 Sep 2024]
28-Mar-2025 10:29:21.805 INFO [main] org.apache.coyote.AbstractProtocol.init Initializing ProtocolHandler ["http-nio-8080"]
28-Mar-2025 10:29:22.413 INFO [main] org.apache.catalina.startup.Catalina.load Server initialization in [8492] milliseconds
28-Mar-2025 10:29:22.858 INFO [main] org.apache.catalina.core.StandardService.startInternal Starting service [Catalina]
28-Mar-2025 10:29:22.859 INFO [main] org.apache.catalina.core.StandardEngine.startInternal Starting Servlet engine: [Apache Tomcat/9.0.70 (Debian)]
28-Mar-2025 10:29:23.279 INFO [main] org.apache.catalina.startup.HostConfig.deployDescriptor Deploying deployment descriptor [/etc/tomcat9/Catalina/localhost/host-manager.xml]
28-Mar-2025 10:29:23.555 WARNING [main] org.apache.catalina.startup.HostConfig.deployDescriptor The path attribute with value [/host-manager] in deployment descriptor [/etc/tomcat9/Catalina/localhost/host-manager.xml] has been ignored
28-Mar-2025 10:29:28.487 INFO [main] org.apache.jasper.servlet.TldScanner.scanJars At least one JAR was scanned for TLDs yet contained no TLDs. Enable debug logging for this logger for a complete list of JARs that were scanned but no TLDs were found in them. Skipping unneeded JARs during scanning can improve startup time and JSP compilation time.
28-Mar-2025 10:29:28.602 INFO [main] org.apache.catalina.startup.HostConfig.deployDescriptor Deployment of deployment descriptor [/etc/tomcat9/Catalina/localhost/host-manager.xml] has finished in [5,303] ms
28-Mar-2025 10:29:28.603 INFO [main] org.apache.catalina.startup.HostConfig.deployDescriptor Deploying deployment descriptor [/etc/tomcat9/Catalina/localhost/manager.xml]
28-Mar-2025 10:29:28.620 WARNING [main] org.apache.catalina.startup.HostConfig.deployDescriptor The path attribute with value [/manager] in deployment descriptor [/etc/tomcat9/Catalina/localhost/manager.xml] has been ignored
28-Mar-2025 10:29:29.385 INFO [main] org.apache.jasper.servlet.TldScanner.scanJars At least one JAR was scanned for TLDs yet contained no TLDs. Enable debug logging for this logger for a complete list of JARs that were scanned but no TLDs were found in them. Skipping unneeded JARs during scanning can improve startup time and JSP compilation time.
28-Mar-2025 10:29:29.386 INFO [main] org.apache.catalina.startup.HostConfig.deployDescriptor Deployment of deployment descriptor [/etc/tomcat9/Catalina/localhost/manager.xml] has finished in [783] ms
28-Mar-2025 10:29:29.391 INFO [main] org.apache.catalina.startup.HostConfig.deployWAR Deploying web application archive [/var/lib/tomcat9/webapps/guacamole.war]
28-Mar-2025 10:29:33.504 INFO [main] org.apache.jasper.servlet.TldScanner.scanJars At least one JAR was scanned for TLDs yet contained no TLDs. Enable debug logging for this logger for a complete list of JARs that were scanned but no TLDs were found in them. Skipping unneeded JARs during scanning can improve startup time and JSP compilation time.
28-Mar-2025 10:29:37.120 INFO [main] org.apache.catalina.startup.HostConfig.deployWAR Deployment of web application archive [/var/lib/tomcat9/webapps/guacamole.war] has finished in [7,729] ms
28-Mar-2025 10:29:37.123 INFO [main] org.apache.catalina.startup.HostConfig.deployDirectory Deploying web application directory [/var/lib/tomcat9/webapps/ROOT]
28-Mar-2025 10:29:37.855 INFO [main] org.apache.jasper.servlet.TldScanner.scanJars At least one JAR was scanned for TLDs yet contained no TLDs. Enable debug logging for this logger for a complete list of JARs that were scanned but no TLDs were found in them. Skipping unneeded JARs during scanning can improve startup time and JSP compilation time.
28-Mar-2025 10:29:37.856 INFO [main] org.apache.catalina.startup.HostConfig.deployDirectory Deployment of web application directory [/var/lib/tomcat9/webapps/ROOT] has finished in [733] ms
28-Mar-2025 10:29:37.861 INFO [main] org.apache.coyote.AbstractProtocol.start Starting ProtocolHandler ["http-nio-8080"]
28-Mar-2025 10:29:37.973 INFO [main] org.apache.catalina.startup.Catalina.start Server startup in [15559] milliseconds
28-Mar-2025 11:02:48.289 INFO [Thread-1] org.apache.coyote.AbstractProtocol.pause Pausing ProtocolHandler ["http-nio-8080"]
28-Mar-2025 11:03:02.635 INFO [Thread-1] org.apache.catalina.core.StandardService.stopInternal Stopping service [Catalina]
28-Mar-2025 11:03:12.979 INFO [Thread-1] org.apache.coyote.AbstractProtocol.stop Stopping ProtocolHandler ["http-nio-8080"]
28-Mar-2025 11:03:14.547 INFO [Thread-1] org.apache.coyote.AbstractProtocol.destroy Destroying ProtocolHandler ["http-nio-8080"]
28-Mar-2025 11:03:18.308 INFO [main] org.apache.catalina.startup.VersionLoggerListener.log Server version name:   Apache Tomcat/9.0.70 (Debian)
28-Mar-2025 11:03:18.310 INFO [main] org.apache.catalina.startup.VersionLoggerListener.log Server built:          May 27 2023 15:51:32 UTC
28-Mar-2025 11:03:18.313 INFO [main] org.apache.catalina.startup.VersionLoggerListener.log Server version number: 9.0.70.0
28-Mar-2025 11:03:18.313 INFO [main] org.apache.catalina.startup.VersionLoggerListener.log OS Name:               Linux
28-Mar-2025 11:03:18.313 INFO [main] org.apache.catalina.startup.VersionLoggerListener.log OS Version:            6.8.4-2-pve
28-Mar-2025 11:03:18.314 INFO [main] org.apache.catalina.startup.VersionLoggerListener.log Architecture:          amd64
28-Mar-2025 11:03:18.314 INFO [main] org.apache.catalina.startup.VersionLoggerListener.log Java Home:             /usr/lib/jvm/java-17-openjdk-amd64
28-Mar-2025 11:03:18.314 INFO [main] org.apache.catalina.startup.VersionLoggerListener.log JVM Version:           17.0.14+7-Debian-1deb12u1
28-Mar-2025 11:03:18.314 INFO [main] org.apache.catalina.startup.VersionLoggerListener.log JVM Vendor:            Debian
28-Mar-2025 11:03:18.314 INFO [main] org.apache.catalina.startup.VersionLoggerListener.log CATALINA_BASE:         /var/lib/tomcat9
28-Mar-2025 11:03:18.314 INFO [main] org.apache.catalina.startup.VersionLoggerListener.log CATALINA_HOME:         /usr/share/tomcat9
28-Mar-2025 11:03:18.368 INFO [main] org.apache.catalina.startup.VersionLoggerListener.log Command line argument: --add-opens=java.base/java.lang=ALL-UNNAMED
28-Mar-2025 11:03:18.368 INFO [main] org.apache.catalina.startup.VersionLoggerListener.log Command line argument: --add-opens=java.base/java.io=ALL-UNNAMED
28-Mar-2025 11:03:18.368 INFO [main] org.apache.catalina.startup.VersionLoggerListener.log Command line argument: --add-opens=java.base/java.util=ALL-UNNAMED
28-Mar-2025 11:03:18.368 INFO [main] org.apache.catalina.startup.VersionLoggerListener.log Command line argument: --add-opens=java.base/java.util.concurrent=ALL-UNNAMED
28-Mar-2025 11:03:18.368 INFO [main] org.apache.catalina.startup.VersionLoggerListener.log Command line argument: --add-opens=java.rmi/sun.rmi.transport=ALL-UNNAMED
28-Mar-2025 11:03:18.368 INFO [main] org.apache.catalina.startup.VersionLoggerListener.log Command line argument: -Djava.util.logging.config.file=/var/lib/tomcat9/conf/logging.properties
28-Mar-2025 11:03:18.368 INFO [main] org.apache.catalina.startup.VersionLoggerListener.log Command line argument: -Djava.util.logging.manager=org.apache.juli.ClassLoaderLogManager
28-Mar-2025 11:03:18.368 INFO [main] org.apache.catalina.startup.VersionLoggerListener.log Command line argument: -Djava.awt.headless=true
28-Mar-2025 11:03:18.368 INFO [main] org.apache.catalina.startup.VersionLoggerListener.log Command line argument: -Djdk.tls.ephemeralDHKeySize=2048
28-Mar-2025 11:03:18.368 INFO [main] org.apache.catalina.startup.VersionLoggerListener.log Command line argument: -Djava.protocol.handler.pkgs=org.apache.catalina.webresources
28-Mar-2025 11:03:18.368 INFO [main] org.apache.catalina.startup.VersionLoggerListener.log Command line argument: -Dorg.apache.catalina.security.SecurityListener.UMASK=0027
28-Mar-2025 11:03:18.368 INFO [main] org.apache.catalina.startup.VersionLoggerListener.log Command line argument: -Dignore.endorsed.dirs=
28-Mar-2025 11:03:18.368 INFO [main] org.apache.catalina.startup.VersionLoggerListener.log Command line argument: -Dcatalina.base=/var/lib/tomcat9
28-Mar-2025 11:03:18.368 INFO [main] org.apache.catalina.startup.VersionLoggerListener.log Command line argument: -Dcatalina.home=/usr/share/tomcat9
28-Mar-2025 11:03:18.368 INFO [main] org.apache.catalina.startup.VersionLoggerListener.log Command line argument: -Djava.io.tmpdir=/tmp
28-Mar-2025 11:03:18.377 INFO [main] org.apache.catalina.core.AprLifecycleListener.lifecycleEvent Loaded Apache Tomcat Native library [1.2.35] using APR version [1.7.2].
28-Mar-2025 11:03:18.377 INFO [main] org.apache.catalina.core.AprLifecycleListener.lifecycleEvent APR capabilities: IPv6 [true], sendfile [true], accept filters [false], random [true], UDS [true].
28-Mar-2025 11:03:18.377 INFO [main] org.apache.catalina.core.AprLifecycleListener.lifecycleEvent APR/OpenSSL configuration: useAprConnector [false], useOpenSSL [true]
28-Mar-2025 11:03:18.399 INFO [main] org.apache.catalina.core.AprLifecycleListener.initializeSSL OpenSSL successfully initialized [OpenSSL 3.0.15 3 Sep 2024]
28-Mar-2025 11:03:18.924 INFO [main] org.apache.coyote.AbstractProtocol.init Initializing ProtocolHandler ["http-nio-8080"]
28-Mar-2025 11:03:18.978 INFO [main] org.apache.catalina.startup.Catalina.load Server initialization in [1212] milliseconds
28-Mar-2025 11:03:19.028 INFO [main] org.apache.catalina.core.StandardService.startInternal Starting service [Catalina]
28-Mar-2025 11:03:19.029 INFO [main] org.apache.catalina.core.StandardEngine.startInternal Starting Servlet engine: [Apache Tomcat/9.0.70 (Debian)]
28-Mar-2025 11:03:19.051 INFO [main] org.apache.catalina.startup.HostConfig.deployDescriptor Deploying deployment descriptor [/etc/tomcat9/Catalina/localhost/host-manager.xml]
28-Mar-2025 11:03:19.074 WARNING [main] org.apache.catalina.startup.HostConfig.deployDescriptor The path attribute with value [/host-manager] in deployment descriptor [/etc/tomcat9/Catalina/localhost/host-manager.xml] has been ignored
28-Mar-2025 11:03:20.892 INFO [main] org.apache.jasper.servlet.TldScanner.scanJars At least one JAR was scanned for TLDs yet contained no TLDs. Enable debug logging for this logger for a complete list of JARs that were scanned but no TLDs were found in them. Skipping unneeded JARs during scanning can improve startup time and JSP compilation time.
28-Mar-2025 11:03:20.961 INFO [main] org.apache.catalina.startup.HostConfig.deployDescriptor Deployment of deployment descriptor [/etc/tomcat9/Catalina/localhost/host-manager.xml] has finished in [1,906] ms
28-Mar-2025 11:03:20.961 INFO [main] org.apache.catalina.startup.HostConfig.deployDescriptor Deploying deployment descriptor [/etc/tomcat9/Catalina/localhost/manager.xml]
28-Mar-2025 11:03:20.962 WARNING [main] org.apache.catalina.startup.HostConfig.deployDescriptor The path attribute with value [/manager] in deployment descriptor [/etc/tomcat9/Catalina/localhost/manager.xml] has been ignored
28-Mar-2025 11:03:21.822 INFO [main] org.apache.jasper.servlet.TldScanner.scanJars At least one JAR was scanned for TLDs yet contained no TLDs. Enable debug logging for this logger for a complete list of JARs that were scanned but no TLDs were found in them. Skipping unneeded JARs during scanning can improve startup time and JSP compilation time.
28-Mar-2025 11:03:21.827 INFO [main] org.apache.catalina.startup.HostConfig.deployDescriptor Deployment of deployment descriptor [/etc/tomcat9/Catalina/localhost/manager.xml] has finished in [866] ms
28-Mar-2025 11:03:21.867 INFO [main] org.apache.catalina.startup.HostConfig.deployWAR Deploying web application archive [/var/lib/tomcat9/webapps/guacamole.war]
28-Mar-2025 11:03:24.577 INFO [main] org.apache.jasper.servlet.TldScanner.scanJars At least one JAR was scanned for TLDs yet contained no TLDs. Enable debug logging for this logger for a complete list of JARs that were scanned but no TLDs were found in them. Skipping unneeded JARs during scanning can improve startup time and JSP compilation time.
28-Mar-2025 11:03:44.288 INFO [main] org.apache.catalina.startup.HostConfig.deployWAR Deployment of web application archive [/var/lib/tomcat9/webapps/guacamole.war] has finished in [22,421] ms
28-Mar-2025 11:03:44.288 INFO [main] org.apache.catalina.startup.HostConfig.deployDirectory Deploying web application directory [/var/lib/tomcat9/webapps/ROOT]
28-Mar-2025 11:03:47.098 INFO [main] org.apache.jasper.servlet.TldScanner.scanJars At least one JAR was scanned for TLDs yet contained no TLDs. Enable debug logging for this logger for a complete list of JARs that were scanned but no TLDs were found in them. Skipping unneeded JARs during scanning can improve startup time and JSP compilation time.
28-Mar-2025 11:03:47.100 INFO [main] org.apache.catalina.startup.HostConfig.deployDirectory Deployment of web application directory [/var/lib/tomcat9/webapps/ROOT] has finished in [2,812] ms
28-Mar-2025 11:03:47.102 INFO [main] org.apache.coyote.AbstractProtocol.start Starting ProtocolHandler ["http-nio-8080"]
28-Mar-2025 11:03:48.635 INFO [main] org.apache.catalina.startup.Catalina.start Server startup in [29656] milliseconds
28-Mar-2025 11:43:23.088 INFO [Thread-1] org.apache.coyote.AbstractProtocol.pause Pausing ProtocolHandler ["http-nio-8080"]
28-Mar-2025 11:43:23.090 INFO [Thread-1] org.apache.catalina.core.StandardService.stopInternal Stopping service [Catalina]
28-Mar-2025 11:43:24.549 INFO [Thread-1] org.apache.coyote.AbstractProtocol.stop Stopping ProtocolHandler ["http-nio-8080"]
28-Mar-2025 11:43:25.446 INFO [Thread-1] org.apache.coyote.AbstractProtocol.destroy Destroying ProtocolHandler ["http-nio-8080"]
28-Mar-2025 11:43:39.978 INFO [main] org.apache.catalina.startup.VersionLoggerListener.log Server version name:   Apache Tomcat/9.0.70 (Debian)
28-Mar-2025 11:43:39.979 INFO [main] org.apache.catalina.startup.VersionLoggerListener.log Server built:          May 27 2023 15:51:32 UTC
28-Mar-2025 11:43:39.979 INFO [main] org.apache.catalina.startup.VersionLoggerListener.log Server version number: 9.0.70.0
28-Mar-2025 11:43:39.979 INFO [main] org.apache.catalina.startup.VersionLoggerListener.log OS Name:               Linux
28-Mar-2025 11:43:39.979 INFO [main] org.apache.catalina.startup.VersionLoggerListener.log OS Version:            6.8.4-2-pve
28-Mar-2025 11:43:39.979 INFO [main] org.apache.catalina.startup.VersionLoggerListener.log Architecture:          amd64
28-Mar-2025 11:43:39.979 INFO [main] org.apache.catalina.startup.VersionLoggerListener.log Java Home:             /usr/lib/jvm/java-17-openjdk-amd64
28-Mar-2025 11:43:39.979 INFO [main] org.apache.catalina.startup.VersionLoggerListener.log JVM Version:           17.0.14+7-Debian-1deb12u1
28-Mar-2025 11:43:39.979 INFO [main] org.apache.catalina.startup.VersionLoggerListener.log JVM Vendor:            Debian
28-Mar-2025 11:43:39.980 INFO [main] org.apache.catalina.startup.VersionLoggerListener.log CATALINA_BASE:         /var/lib/tomcat9
28-Mar-2025 11:43:39.980 INFO [main] org.apache.catalina.startup.VersionLoggerListener.log CATALINA_HOME:         /usr/share/tomcat9
28-Mar-2025 11:43:40.518 INFO [main] org.apache.catalina.startup.VersionLoggerListener.log Command line argument: --add-opens=java.base/java.lang=ALL-UNNAMED
28-Mar-2025 11:43:40.518 INFO [main] org.apache.catalina.startup.VersionLoggerListener.log Command line argument: --add-opens=java.base/java.io=ALL-UNNAMED
28-Mar-2025 11:43:40.518 INFO [main] org.apache.catalina.startup.VersionLoggerListener.log Command line argument: --add-opens=java.base/java.util=ALL-UNNAMED
28-Mar-2025 11:43:40.518 INFO [main] org.apache.catalina.startup.VersionLoggerListener.log Command line argument: --add-opens=java.base/java.util.concurrent=ALL-UNNAMED
28-Mar-2025 11:43:40.518 INFO [main] org.apache.catalina.startup.VersionLoggerListener.log Command line argument: --add-opens=java.rmi/sun.rmi.transport=ALL-UNNAMED
28-Mar-2025 11:43:40.518 INFO [main] org.apache.catalina.startup.VersionLoggerListener.log Command line argument: -Djava.util.logging.config.file=/var/lib/tomcat9/conf/logging.properties
28-Mar-2025 11:43:40.518 INFO [main] org.apache.catalina.startup.VersionLoggerListener.log Command line argument: -Djava.util.logging.manager=org.apache.juli.ClassLoaderLogManager
28-Mar-2025 11:43:40.518 INFO [main] org.apache.catalina.startup.VersionLoggerListener.log Command line argument: -Djava.awt.headless=true
28-Mar-2025 11:43:40.518 INFO [main] org.apache.catalina.startup.VersionLoggerListener.log Command line argument: -Djdk.tls.ephemeralDHKeySize=2048
28-Mar-2025 11:43:40.519 INFO [main] org.apache.catalina.startup.VersionLoggerListener.log Command line argument: -Djava.protocol.handler.pkgs=org.apache.catalina.webresources
28-Mar-2025 11:43:40.519 INFO [main] org.apache.catalina.startup.VersionLoggerListener.log Command line argument: -Dorg.apache.catalina.security.SecurityListener.UMASK=0027
28-Mar-2025 11:43:40.519 INFO [main] org.apache.catalina.startup.VersionLoggerListener.log Command line argument: -Dignore.endorsed.dirs=
28-Mar-2025 11:43:40.519 INFO [main] org.apache.catalina.startup.VersionLoggerListener.log Command line argument: -Dcatalina.base=/var/lib/tomcat9
28-Mar-2025 11:43:40.519 INFO [main] org.apache.catalina.startup.VersionLoggerListener.log Command line argument: -Dcatalina.home=/usr/share/tomcat9
28-Mar-2025 11:43:40.519 INFO [main] org.apache.catalina.startup.VersionLoggerListener.log Command line argument: -Djava.io.tmpdir=/tmp
28-Mar-2025 11:43:40.593 INFO [main] org.apache.catalina.core.AprLifecycleListener.lifecycleEvent Loaded Apache Tomcat Native library [1.2.35] using APR version [1.7.2].
28-Mar-2025 11:43:40.593 INFO [main] org.apache.catalina.core.AprLifecycleListener.lifecycleEvent APR capabilities: IPv6 [true], sendfile [true], accept filters [false], random [true], UDS [true].
28-Mar-2025 11:43:40.593 INFO [main] org.apache.catalina.core.AprLifecycleListener.lifecycleEvent APR/OpenSSL configuration: useAprConnector [false], useOpenSSL [true]
28-Mar-2025 11:43:40.596 INFO [main] org.apache.catalina.core.AprLifecycleListener.initializeSSL OpenSSL successfully initialized [OpenSSL 3.0.15 3 Sep 2024]
28-Mar-2025 11:43:41.868 INFO [main] org.apache.coyote.AbstractProtocol.init Initializing ProtocolHandler ["http-nio-8080"]
28-Mar-2025 11:43:41.921 INFO [main] org.apache.catalina.startup.Catalina.load Server initialization in [5281] milliseconds
28-Mar-2025 11:43:41.994 INFO [main] org.apache.catalina.core.StandardService.startInternal Starting service [Catalina]
28-Mar-2025 11:43:41.995 INFO [main] org.apache.catalina.core.StandardEngine.startInternal Starting Servlet engine: [Apache Tomcat/9.0.70 (Debian)]
28-Mar-2025 11:43:42.008 INFO [main] org.apache.catalina.startup.HostConfig.deployDescriptor Deploying deployment descriptor [/etc/tomcat9/Catalina/localhost/host-manager.xml]
28-Mar-2025 11:43:42.048 WARNING [main] org.apache.catalina.startup.HostConfig.deployDescriptor The path attribute with value [/host-manager] in deployment descriptor [/etc/tomcat9/Catalina/localhost/host-manager.xml] has been ignored
28-Mar-2025 11:43:43.719 INFO [main] org.apache.jasper.servlet.TldScanner.scanJars At least one JAR was scanned for TLDs yet contained no TLDs. Enable debug logging for this logger for a complete list of JARs that were scanned but no TLDs were found in them. Skipping unneeded JARs during scanning can improve startup time and JSP compilation time.
28-Mar-2025 11:43:43.790 INFO [main] org.apache.catalina.startup.HostConfig.deployDescriptor Deployment of deployment descriptor [/etc/tomcat9/Catalina/localhost/host-manager.xml] has finished in [1,780] ms
28-Mar-2025 11:43:43.790 INFO [main] org.apache.catalina.startup.HostConfig.deployDescriptor Deploying deployment descriptor [/etc/tomcat9/Catalina/localhost/manager.xml]
28-Mar-2025 11:43:43.794 WARNING [main] org.apache.catalina.startup.HostConfig.deployDescriptor The path attribute with value [/manager] in deployment descriptor [/etc/tomcat9/Catalina/localhost/manager.xml] has been ignored
28-Mar-2025 11:43:44.569 INFO [main] org.apache.jasper.servlet.TldScanner.scanJars At least one JAR was scanned for TLDs yet contained no TLDs. Enable debug logging for this logger for a complete list of JARs that were scanned but no TLDs were found in them. Skipping unneeded JARs during scanning can improve startup time and JSP compilation time.
28-Mar-2025 11:43:44.570 INFO [main] org.apache.catalina.startup.HostConfig.deployDescriptor Deployment of deployment descriptor [/etc/tomcat9/Catalina/localhost/manager.xml] has finished in [780] ms
28-Mar-2025 11:43:44.626 INFO [main] org.apache.catalina.startup.HostConfig.deployWAR Deploying web application archive [/var/lib/tomcat9/webapps/guacamole.war]
28-Mar-2025 11:43:47.204 INFO [main] org.apache.jasper.servlet.TldScanner.scanJars At least one JAR was scanned for TLDs yet contained no TLDs. Enable debug logging for this logger for a complete list of JARs that were scanned but no TLDs were found in them. Skipping unneeded JARs during scanning can improve startup time and JSP compilation time.
28-Mar-2025 11:43:51.046 INFO [main] org.apache.catalina.startup.HostConfig.deployWAR Deployment of web application archive [/var/lib/tomcat9/webapps/guacamole.war] has finished in [6,420] ms
28-Mar-2025 11:43:51.047 INFO [main] org.apache.catalina.startup.HostConfig.deployDirectory Deploying web application directory [/var/lib/tomcat9/webapps/ROOT]
28-Mar-2025 11:43:51.636 INFO [main] org.apache.jasper.servlet.TldScanner.scanJars At least one JAR was scanned for TLDs yet contained no TLDs. Enable debug logging for this logger for a complete list of JARs that were scanned but no TLDs were found in them. Skipping unneeded JARs during scanning can improve startup time and JSP compilation time.
28-Mar-2025 11:43:51.641 INFO [main] org.apache.catalina.startup.HostConfig.deployDirectory Deployment of web application directory [/var/lib/tomcat9/webapps/ROOT] has finished in [594] ms
28-Mar-2025 11:43:51.646 INFO [main] org.apache.coyote.AbstractProtocol.start Starting ProtocolHandler ["http-nio-8080"]
28-Mar-2025 11:43:51.665 INFO [main] org.apache.catalina.startup.Catalina.start Server startup in [9741] milliseconds
